<?xml version="1.0" encoding="UTF-8"?>
<!-- Generated by org.testng.reporters.JUnitXMLReporter -->
<testsuite ignored="0" hostname="LPT5410" failures="0" tests="50" name="Test" time="117.176" errors="0" timestamp="2024-06-13T21:03:00 IST">
  <testcase classname="test.LoginTest" name="login_TestCase_without_entering_credentials" time="0.1"/>
  <testcase classname="test.LoginTest" name="login_TestCase_invalidUsername_withoutPassword" time="0.237"/>
  <testcase classname="test.LoginTest" name="login_TestCase_validUsername_withoutPassword" time="0.268"/>
  <testcase classname="test.LoginTest" name="login_TestCase_withoutUsername_invalidPassword" time="0.347"/>
  <testcase classname="test.LoginTest" name="login_TestCase_withoutUsername_validPassword" time="0.282"/>
  <testcase classname="test.LoginTest" name="login_TestCase_invalidUsername_invalidPassword" time="1.713"/>
  <testcase classname="test.LoginTest" name="login_TestCase_validUsername_invalidPassword" time="1.916"/>
  <testcase classname="test.LoginTest" name="login_TestCase_invalidUsername_validPassword" time="1.939"/>
  <testcase classname="test.LoginTest" name="login_TestCase_validUsername_validPassword" time="5.118"/>
  <testcase classname="test.ReportTest" name="ReportField_visiblity_TestCase" time="0.082"/>
  <testcase classname="test.ReportTest" name="Redirect_cursor_to_ReportField" time="0.219"/>
  <testcase classname="test.ReportTest" name="Click_on_ReportField" time="3.442"/>
  <testcase classname="test.ReportTest" name="dropdownBox_clickOn_viewReports_option" time="3.481"/>
  <testcase classname="test.ReportTest" name="DropdownBox_click_on_DefineReports_option" time="3.467"/>
  <testcase classname="test.ViewReportTest" name="Functionality_of_SearchBy_field_by_clicking_on_selectBox" time="0.338"/>
  <testcase classname="test.ViewReportTest" name="Validate_functionality_of_SearchButton_without_input" time="1.956"/>
  <testcase classname="test.ViewReportTest" name="Validate_default_input_for_SelectBox" time="0.328"/>
  <testcase classname="test.ViewReportTest" name="validate_functionality_of_SearchForField_when_clickOn_SearchFor_text" time="0.28"/>
  <testcase classname="test.ViewReportTest" name="validate_the_functionality_of_SearchFor_field_when_clickOn_inputBox" time="0.248"/>
  <testcase classname="test.ViewReportTest" name="validate_functionality_of_SearchButton_without_searchByFieldSelection_andEntervalReportID_in_SearchFor_inputField" time="2.071"/>
  <testcase classname="test.ViewReportTest" name="validate_functionality_Search_button_without_SearchByField_selection_and_entervalReportName_in_SearchFor_inputField" time="2.274"/>
  <testcase classname="test.ViewReportTest" name="validate_functionalityOf_SearchButton_with_ID_optionSelectOn_SearchBy_andEnter_ReportID_in_SearchFor_inputField" time="2.463"/>
  <testcase classname="test.ViewReportTest" name="validate_functionalityOf_SearchButton_with_ID_optionSelectOn_SearchBy_selectionBox_enter_invalidReportID_in_SearchFor_inputField" time="2.44"/>
  <testcase classname="test.ViewReportTest" name="validate_functionalityOf_SearchButton_with_ID_optionSelectOn_SearchBy_andEnter_ReportName_in_SearchFor_inputField" time="2.664"/>
  <testcase classname="test.ViewReportTest" name="validate_functionalityOf_SearchButton_with_ID_optionSelectOn_SearchBy_selectionBox_enter_invalidReportName_in_SearchFor_inputField" time="2.461"/>
  <testcase classname="test.ViewReportTest" name="validate_functionalityOf_SearchButton_with_Name_optionSelectOn_SearchBy_selectionBox_enter_validReportID_in_SearchFor_inputField" time="2.568"/>
  <testcase classname="test.ViewReportTest" name="validate_functionalityOf_SearchButton_with_Name_optionSelectOn_SearchBy_selectionBox_enter_invalidReportID_in_SearchFor_inputField" time="2.751"/>
  <testcase classname="test.ViewReportTest" name="validate_functionalityOf_SearchButton_with_Name_optionSelectOn_SearchBy_andEnter_validReportName_in_SearchFor_inputField" time="2.652"/>
  <testcase classname="test.ViewReportTest" name="validate_functionalityOf_SearchButton_with_Name_optionSelectOn_SearchBy_andEnter_invalidReportName_in_SearchFor_inputField" time="2.459"/>
  <testcase classname="test.ViewReportTest" name="validate_functionality_of_Reset_button" time="0.627"/>
  <testcase classname="test.ViewReportTest" name="validate_functionality_of_ReportID_link_by_clickOn_ReportID" time="5.412"/>
  <testcase classname="test.ViewReportTest" name="validate_functionality_of_Back_button" time="7.217"/>
  <testcase classname="test.DefineReportTest" name="Functionality_of_SearchBy_field_by_clicking_on_selectBox" time="0.311"/>
  <testcase classname="test.DefineReportTest" name="Validate_functionality_of_SearchButton_without_input" time="1.953"/>
  <testcase classname="test.DefineReportTest" name="Validate_default_input_for_SelectBox" time="0.263"/>
  <testcase classname="test.DefineReportTest" name="validate_functionality_of_SearchForField_when_clickOn_SearchFor_text" time="0.231"/>
  <testcase classname="test.DefineReportTest" name="validate_the_functionality_of_SearchFor_field_when_clickOn_inputBox" time="0.22"/>
  <testcase classname="test.DefineReportTest" name="validate_functionality_of_SearchButton_without_searchByFieldSelection_andEntervalReportID_in_SearchFor_inputField" time="2.172"/>
  <testcase classname="test.DefineReportTest" name="validate_functionality_Search_button_without_SearchByField_selection_and_entervalReportName_in_SearchFor_inputField" time="2.318"/>
  <testcase classname="test.DefineReportTest" name="validate_functionalityOf_SearchButton_with_ID_optionSelectOn_SearchBy_andEnter_ReportID_in_SearchFor_inputField" time="2.426"/>
  <testcase classname="test.DefineReportTest" name="validate_functionalityOf_SearchButton_with_ID_optionSelectOn_SearchBy_selectionBox_enter_invalidReportID_in_SearchFor_inputField" time="2.559"/>
  <testcase classname="test.DefineReportTest" name="validate_functionalityOf_SearchButton_with_ID_optionSelectOn_SearchBy_andEnter_ReportName_in_SearchFor_inputField" time="2.473"/>
  <testcase classname="test.DefineReportTest" name="validate_functionalityOf_SearchButton_with_ID_optionSelectOn_SearchBy_selectionBox_enter_invalidReportName_in_SearchFor_inputField" time="2.492"/>
  <testcase classname="test.DefineReportTest" name="validate_functionalityOf_SearchButton_with_Name_optionSelectOn_SearchBy_selectionBox_enter_validReportID_in_SearchFor_inputField" time="5.266"/>
  <testcase classname="test.DefineReportTest" name="validate_functionalityOf_SearchButton_with_Name_optionSelectOn_SearchBy_selectionBox_enter_invalidReportID_in_SearchFor_inputField" time="3.739"/>
  <testcase classname="test.DefineReportTest" name="validate_functionalityOf_SearchButton_with_Name_optionSelectOn_SearchBy_andEnter_validReportName_in_SearchFor_inputField" time="2.79"/>
  <testcase classname="test.DefineReportTest" name="validate_functionalityOf_SearchButton_with_Name_optionSelectOn_SearchBy_andEnter_invalidReportName_in_SearchFor_inputField" time="2.551"/>
  <testcase classname="test.DefineReportTest" name="validate_functionality_of_Reset_button" time="0.505"/>
  <testcase classname="test.DefineReportTest" name="validate_functionality_of_ReportID_link_by_clickOn_ReportID" time="6.319"/>
  <testcase classname="test.DefineReportTest" name="validate_functionality_of_Back_button" time="7.807"/>
</testsuite> <!-- Test -->
