<?xml version="1.0" encoding="UTF-8"?>
<testng-results ignored="0" total="50" passed="50" failed="0" skipped="0">
  <reporter-output>
  </reporter-output>
  <suite started-at="2024-06-13T21:01:03 IST" name="Suite" finished-at="2024-06-13T21:03:00 IST" duration-ms="117176">
    <groups>
    </groups>
    <test started-at="2024-06-13T21:01:03 IST" name="Test" finished-at="2024-06-13T21:03:00 IST" duration-ms="117176">
      <class name="test.DefineReportTest">
        <test-method is-config="true" signature="setup()[pri:0, instance:test.DefineReportTest@2d1ef81a]" started-at="2024-06-13T21:02:11 IST" name="setup" finished-at="2024-06-13T21:02:14 IST" duration-ms="3268" status="PASS">
          <reporter-output>
          </reporter-output>
        </test-method> <!-- setup -->
        <test-method signature="Functionality_of_SearchBy_field_by_clicking_on_selectBox()[pri:33, instance:test.DefineReportTest@2d1ef81a]" started-at="2024-06-13T21:02:14 IST" name="Functionality_of_SearchBy_field_by_clicking_on_selectBox" finished-at="2024-06-13T21:02:14 IST" duration-ms="311" status="PASS">
          <reporter-output>
          </reporter-output>
        </test-method> <!-- Functionality_of_SearchBy_field_by_clicking_on_selectBox -->
        <test-method signature="Validate_functionality_of_SearchButton_without_input()[pri:34, instance:test.DefineReportTest@2d1ef81a]" started-at="2024-06-13T21:02:14 IST" name="Validate_functionality_of_SearchButton_without_input" finished-at="2024-06-13T21:02:16 IST" duration-ms="1953" status="PASS">
          <reporter-output>
          </reporter-output>
        </test-method> <!-- Validate_functionality_of_SearchButton_without_input -->
        <test-method signature="Validate_default_input_for_SelectBox()[pri:35, instance:test.DefineReportTest@2d1ef81a]" started-at="2024-06-13T21:02:16 IST" name="Validate_default_input_for_SelectBox" finished-at="2024-06-13T21:02:16 IST" duration-ms="263" status="PASS">
          <reporter-output>
          </reporter-output>
        </test-method> <!-- Validate_default_input_for_SelectBox -->
        <test-method signature="validate_functionality_of_SearchForField_when_clickOn_SearchFor_text()[pri:36, instance:test.DefineReportTest@2d1ef81a]" started-at="2024-06-13T21:02:16 IST" name="validate_functionality_of_SearchForField_when_clickOn_SearchFor_text" finished-at="2024-06-13T21:02:17 IST" duration-ms="231" status="PASS">
          <reporter-output>
          </reporter-output>
        </test-method> <!-- validate_functionality_of_SearchForField_when_clickOn_SearchFor_text -->
        <test-method signature="validate_the_functionality_of_SearchFor_field_when_clickOn_inputBox()[pri:37, instance:test.DefineReportTest@2d1ef81a]" started-at="2024-06-13T21:02:17 IST" name="validate_the_functionality_of_SearchFor_field_when_clickOn_inputBox" finished-at="2024-06-13T21:02:17 IST" duration-ms="220" status="PASS">
          <reporter-output>
          </reporter-output>
        </test-method> <!-- validate_the_functionality_of_SearchFor_field_when_clickOn_inputBox -->
        <test-method signature="validate_functionality_of_SearchButton_without_searchByFieldSelection_andEntervalReportID_in_SearchFor_inputField()[pri:38, instance:test.DefineReportTest@2d1ef81a]" started-at="2024-06-13T21:02:17 IST" name="validate_functionality_of_SearchButton_without_searchByFieldSelection_andEntervalReportID_in_SearchFor_inputField" finished-at="2024-06-13T21:02:19 IST" duration-ms="2172" status="PASS">
          <reporter-output>
          </reporter-output>
        </test-method> <!-- validate_functionality_of_SearchButton_without_searchByFieldSelection_andEntervalReportID_in_SearchFor_inputField -->
        <test-method signature="validate_functionality_Search_button_without_SearchByField_selection_and_entervalReportName_in_SearchFor_inputField()[pri:39, instance:test.DefineReportTest@2d1ef81a]" started-at="2024-06-13T21:02:19 IST" name="validate_functionality_Search_button_without_SearchByField_selection_and_entervalReportName_in_SearchFor_inputField" finished-at="2024-06-13T21:02:21 IST" duration-ms="2318" status="PASS">
          <reporter-output>
          </reporter-output>
        </test-method> <!-- validate_functionality_Search_button_without_SearchByField_selection_and_entervalReportName_in_SearchFor_inputField -->
        <test-method signature="validate_functionalityOf_SearchButton_with_ID_optionSelectOn_SearchBy_andEnter_ReportID_in_SearchFor_inputField()[pri:40, instance:test.DefineReportTest@2d1ef81a]" started-at="2024-06-13T21:02:21 IST" name="validate_functionalityOf_SearchButton_with_ID_optionSelectOn_SearchBy_andEnter_ReportID_in_SearchFor_inputField" finished-at="2024-06-13T21:02:24 IST" duration-ms="2426" status="PASS">
          <reporter-output>
          </reporter-output>
        </test-method> <!-- validate_functionalityOf_SearchButton_with_ID_optionSelectOn_SearchBy_andEnter_ReportID_in_SearchFor_inputField -->
        <test-method signature="validate_functionalityOf_SearchButton_with_ID_optionSelectOn_SearchBy_selectionBox_enter_invalidReportID_in_SearchFor_inputField()[pri:41, instance:test.DefineReportTest@2d1ef81a]" started-at="2024-06-13T21:02:24 IST" name="validate_functionalityOf_SearchButton_with_ID_optionSelectOn_SearchBy_selectionBox_enter_invalidReportID_in_SearchFor_inputField" finished-at="2024-06-13T21:02:26 IST" duration-ms="2559" status="PASS">
          <reporter-output>
          </reporter-output>
        </test-method> <!-- validate_functionalityOf_SearchButton_with_ID_optionSelectOn_SearchBy_selectionBox_enter_invalidReportID_in_SearchFor_inputField -->
        <test-method signature="validate_functionalityOf_SearchButton_with_ID_optionSelectOn_SearchBy_andEnter_ReportName_in_SearchFor_inputField()[pri:42, instance:test.DefineReportTest@2d1ef81a]" started-at="2024-06-13T21:02:26 IST" name="validate_functionalityOf_SearchButton_with_ID_optionSelectOn_SearchBy_andEnter_ReportName_in_SearchFor_inputField" finished-at="2024-06-13T21:02:29 IST" duration-ms="2473" status="PASS">
          <reporter-output>
          </reporter-output>
        </test-method> <!-- validate_functionalityOf_SearchButton_with_ID_optionSelectOn_SearchBy_andEnter_ReportName_in_SearchFor_inputField -->
        <test-method signature="validate_functionalityOf_SearchButton_with_ID_optionSelectOn_SearchBy_selectionBox_enter_invalidReportName_in_SearchFor_inputField()[pri:43, instance:test.DefineReportTest@2d1ef81a]" started-at="2024-06-13T21:02:29 IST" name="validate_functionalityOf_SearchButton_with_ID_optionSelectOn_SearchBy_selectionBox_enter_invalidReportName_in_SearchFor_inputField" finished-at="2024-06-13T21:02:31 IST" duration-ms="2492" status="PASS">
          <reporter-output>
          </reporter-output>
        </test-method> <!-- validate_functionalityOf_SearchButton_with_ID_optionSelectOn_SearchBy_selectionBox_enter_invalidReportName_in_SearchFor_inputField -->
        <test-method signature="validate_functionalityOf_SearchButton_with_Name_optionSelectOn_SearchBy_selectionBox_enter_validReportID_in_SearchFor_inputField()[pri:44, instance:test.DefineReportTest@2d1ef81a]" started-at="2024-06-13T21:02:31 IST" name="validate_functionalityOf_SearchButton_with_Name_optionSelectOn_SearchBy_selectionBox_enter_validReportID_in_SearchFor_inputField" finished-at="2024-06-13T21:02:37 IST" duration-ms="5266" status="PASS">
          <reporter-output>
          </reporter-output>
        </test-method> <!-- validate_functionalityOf_SearchButton_with_Name_optionSelectOn_SearchBy_selectionBox_enter_validReportID_in_SearchFor_inputField -->
        <test-method signature="validate_functionalityOf_SearchButton_with_Name_optionSelectOn_SearchBy_selectionBox_enter_invalidReportID_in_SearchFor_inputField()[pri:45, instance:test.DefineReportTest@2d1ef81a]" started-at="2024-06-13T21:02:37 IST" name="validate_functionalityOf_SearchButton_with_Name_optionSelectOn_SearchBy_selectionBox_enter_invalidReportID_in_SearchFor_inputField" finished-at="2024-06-13T21:02:40 IST" duration-ms="3739" status="PASS">
          <reporter-output>
          </reporter-output>
        </test-method> <!-- validate_functionalityOf_SearchButton_with_Name_optionSelectOn_SearchBy_selectionBox_enter_invalidReportID_in_SearchFor_inputField -->
        <test-method signature="validate_functionalityOf_SearchButton_with_Name_optionSelectOn_SearchBy_andEnter_validReportName_in_SearchFor_inputField()[pri:46, instance:test.DefineReportTest@2d1ef81a]" started-at="2024-06-13T21:02:40 IST" name="validate_functionalityOf_SearchButton_with_Name_optionSelectOn_SearchBy_andEnter_validReportName_in_SearchFor_inputField" finished-at="2024-06-13T21:02:43 IST" duration-ms="2790" status="PASS">
          <reporter-output>
          </reporter-output>
        </test-method> <!-- validate_functionalityOf_SearchButton_with_Name_optionSelectOn_SearchBy_andEnter_validReportName_in_SearchFor_inputField -->
        <test-method signature="validate_functionalityOf_SearchButton_with_Name_optionSelectOn_SearchBy_andEnter_invalidReportName_in_SearchFor_inputField()[pri:47, instance:test.DefineReportTest@2d1ef81a]" started-at="2024-06-13T21:02:43 IST" name="validate_functionalityOf_SearchButton_with_Name_optionSelectOn_SearchBy_andEnter_invalidReportName_in_SearchFor_inputField" finished-at="2024-06-13T21:02:46 IST" duration-ms="2551" status="PASS">
          <reporter-output>
          </reporter-output>
        </test-method> <!-- validate_functionalityOf_SearchButton_with_Name_optionSelectOn_SearchBy_andEnter_invalidReportName_in_SearchFor_inputField -->
        <test-method signature="validate_functionality_of_Reset_button()[pri:48, instance:test.DefineReportTest@2d1ef81a]" started-at="2024-06-13T21:02:46 IST" name="validate_functionality_of_Reset_button" finished-at="2024-06-13T21:02:46 IST" duration-ms="505" status="PASS">
          <reporter-output>
          </reporter-output>
        </test-method> <!-- validate_functionality_of_Reset_button -->
        <test-method signature="validate_functionality_of_ReportID_link_by_clickOn_ReportID()[pri:49, instance:test.DefineReportTest@2d1ef81a]" started-at="2024-06-13T21:02:46 IST" name="validate_functionality_of_ReportID_link_by_clickOn_ReportID" finished-at="2024-06-13T21:02:52 IST" duration-ms="6319" status="PASS">
          <reporter-output>
          </reporter-output>
        </test-method> <!-- validate_functionality_of_ReportID_link_by_clickOn_ReportID -->
        <test-method signature="validate_functionality_of_Back_button()[pri:50, instance:test.DefineReportTest@2d1ef81a]" started-at="2024-06-13T21:02:52 IST" name="validate_functionality_of_Back_button" finished-at="2024-06-13T21:03:00 IST" duration-ms="7807" status="PASS">
          <reporter-output>
          </reporter-output>
        </test-method> <!-- validate_functionality_of_Back_button -->
      </class> <!-- test.DefineReportTest -->
      <class name="test.LoginTest">
        <test-method is-config="true" signature="setup()[pri:0, instance:test.LoginTest@54d9d12d]" started-at="2024-06-13T21:01:00 IST" name="setup" finished-at="2024-06-13T21:01:03 IST" duration-ms="2616" status="PASS">
          <reporter-output>
          </reporter-output>
        </test-method> <!-- setup -->
        <test-method signature="login_TestCase_without_entering_credentials()[pri:1, instance:test.LoginTest@54d9d12d]" started-at="2024-06-13T21:01:03 IST" name="login_TestCase_without_entering_credentials" finished-at="2024-06-13T21:01:03 IST" duration-ms="100" status="PASS">
          <reporter-output>
          </reporter-output>
        </test-method> <!-- login_TestCase_without_entering_credentials -->
        <test-method signature="login_TestCase_invalidUsername_withoutPassword()[pri:2, instance:test.LoginTest@54d9d12d]" started-at="2024-06-13T21:01:03 IST" name="login_TestCase_invalidUsername_withoutPassword" finished-at="2024-06-13T21:01:03 IST" duration-ms="237" status="PASS">
          <reporter-output>
          </reporter-output>
        </test-method> <!-- login_TestCase_invalidUsername_withoutPassword -->
        <test-method signature="login_TestCase_validUsername_withoutPassword()[pri:3, instance:test.LoginTest@54d9d12d]" started-at="2024-06-13T21:01:03 IST" name="login_TestCase_validUsername_withoutPassword" finished-at="2024-06-13T21:01:04 IST" duration-ms="268" status="PASS">
          <reporter-output>
          </reporter-output>
        </test-method> <!-- login_TestCase_validUsername_withoutPassword -->
        <test-method signature="login_TestCase_withoutUsername_invalidPassword()[pri:4, instance:test.LoginTest@54d9d12d]" started-at="2024-06-13T21:01:04 IST" name="login_TestCase_withoutUsername_invalidPassword" finished-at="2024-06-13T21:01:04 IST" duration-ms="347" status="PASS">
          <reporter-output>
          </reporter-output>
        </test-method> <!-- login_TestCase_withoutUsername_invalidPassword -->
        <test-method signature="login_TestCase_withoutUsername_validPassword()[pri:5, instance:test.LoginTest@54d9d12d]" started-at="2024-06-13T21:01:04 IST" name="login_TestCase_withoutUsername_validPassword" finished-at="2024-06-13T21:01:04 IST" duration-ms="282" status="PASS">
          <reporter-output>
          </reporter-output>
        </test-method> <!-- login_TestCase_withoutUsername_validPassword -->
        <test-method signature="login_TestCase_invalidUsername_invalidPassword()[pri:6, instance:test.LoginTest@54d9d12d]" started-at="2024-06-13T21:01:04 IST" name="login_TestCase_invalidUsername_invalidPassword" finished-at="2024-06-13T21:01:06 IST" duration-ms="1713" status="PASS">
          <reporter-output>
          </reporter-output>
        </test-method> <!-- login_TestCase_invalidUsername_invalidPassword -->
        <test-method signature="login_TestCase_validUsername_invalidPassword()[pri:7, instance:test.LoginTest@54d9d12d]" started-at="2024-06-13T21:01:06 IST" name="login_TestCase_validUsername_invalidPassword" finished-at="2024-06-13T21:01:08 IST" duration-ms="1916" status="PASS">
          <reporter-output>
          </reporter-output>
        </test-method> <!-- login_TestCase_validUsername_invalidPassword -->
        <test-method signature="login_TestCase_invalidUsername_validPassword()[pri:8, instance:test.LoginTest@54d9d12d]" started-at="2024-06-13T21:01:08 IST" name="login_TestCase_invalidUsername_validPassword" finished-at="2024-06-13T21:01:10 IST" duration-ms="1939" status="PASS">
          <reporter-output>
          </reporter-output>
        </test-method> <!-- login_TestCase_invalidUsername_validPassword -->
        <test-method signature="login_TestCase_validUsername_validPassword()[pri:9, instance:test.LoginTest@54d9d12d]" started-at="2024-06-13T21:01:10 IST" name="login_TestCase_validUsername_validPassword" finished-at="2024-06-13T21:01:15 IST" duration-ms="5118" status="PASS">
          <reporter-output>
          </reporter-output>
        </test-method> <!-- login_TestCase_validUsername_validPassword -->
        <test-method is-config="true" signature="teardown()[pri:0, instance:test.LoginTest@54d9d12d]" started-at="2024-06-13T21:03:00 IST" name="teardown" finished-at="2024-06-13T21:03:01 IST" duration-ms="360" status="PASS">
          <reporter-output>
          </reporter-output>
        </test-method> <!-- teardown -->
      </class> <!-- test.LoginTest -->
      <class name="test.ViewReportTest">
        <test-method is-config="true" signature="setup()[pri:0, instance:test.ViewReportTest@22ff4249]" started-at="2024-06-13T21:01:26 IST" name="setup" finished-at="2024-06-13T21:01:29 IST" duration-ms="3452" status="PASS">
          <reporter-output>
          </reporter-output>
        </test-method> <!-- setup -->
        <test-method signature="Functionality_of_SearchBy_field_by_clicking_on_selectBox()[pri:15, instance:test.ViewReportTest@22ff4249]" started-at="2024-06-13T21:01:29 IST" name="Functionality_of_SearchBy_field_by_clicking_on_selectBox" finished-at="2024-06-13T21:01:30 IST" duration-ms="338" status="PASS">
          <reporter-output>
          </reporter-output>
        </test-method> <!-- Functionality_of_SearchBy_field_by_clicking_on_selectBox -->
        <test-method signature="Validate_functionality_of_SearchButton_without_input()[pri:16, instance:test.ViewReportTest@22ff4249]" started-at="2024-06-13T21:01:30 IST" name="Validate_functionality_of_SearchButton_without_input" finished-at="2024-06-13T21:01:32 IST" duration-ms="1956" status="PASS">
          <reporter-output>
          </reporter-output>
        </test-method> <!-- Validate_functionality_of_SearchButton_without_input -->
        <test-method signature="Validate_default_input_for_SelectBox()[pri:17, instance:test.ViewReportTest@22ff4249]" started-at="2024-06-13T21:01:32 IST" name="Validate_default_input_for_SelectBox" finished-at="2024-06-13T21:01:32 IST" duration-ms="328" status="PASS">
          <reporter-output>
          </reporter-output>
        </test-method> <!-- Validate_default_input_for_SelectBox -->
        <test-method signature="validate_functionality_of_SearchForField_when_clickOn_SearchFor_text()[pri:18, instance:test.ViewReportTest@22ff4249]" started-at="2024-06-13T21:01:32 IST" name="validate_functionality_of_SearchForField_when_clickOn_SearchFor_text" finished-at="2024-06-13T21:01:32 IST" duration-ms="280" status="PASS">
          <reporter-output>
          </reporter-output>
        </test-method> <!-- validate_functionality_of_SearchForField_when_clickOn_SearchFor_text -->
        <test-method signature="validate_the_functionality_of_SearchFor_field_when_clickOn_inputBox()[pri:19, instance:test.ViewReportTest@22ff4249]" started-at="2024-06-13T21:01:32 IST" name="validate_the_functionality_of_SearchFor_field_when_clickOn_inputBox" finished-at="2024-06-13T21:01:32 IST" duration-ms="248" status="PASS">
          <reporter-output>
          </reporter-output>
        </test-method> <!-- validate_the_functionality_of_SearchFor_field_when_clickOn_inputBox -->
        <test-method signature="validate_functionality_of_SearchButton_without_searchByFieldSelection_andEntervalReportID_in_SearchFor_inputField()[pri:20, instance:test.ViewReportTest@22ff4249]" started-at="2024-06-13T21:01:32 IST" name="validate_functionality_of_SearchButton_without_searchByFieldSelection_andEntervalReportID_in_SearchFor_inputField" finished-at="2024-06-13T21:01:34 IST" duration-ms="2071" status="PASS">
          <reporter-output>
          </reporter-output>
        </test-method> <!-- validate_functionality_of_SearchButton_without_searchByFieldSelection_andEntervalReportID_in_SearchFor_inputField -->
        <test-method signature="validate_functionality_Search_button_without_SearchByField_selection_and_entervalReportName_in_SearchFor_inputField()[pri:21, instance:test.ViewReportTest@22ff4249]" started-at="2024-06-13T21:01:35 IST" name="validate_functionality_Search_button_without_SearchByField_selection_and_entervalReportName_in_SearchFor_inputField" finished-at="2024-06-13T21:01:37 IST" duration-ms="2274" status="PASS">
          <reporter-output>
          </reporter-output>
        </test-method> <!-- validate_functionality_Search_button_without_SearchByField_selection_and_entervalReportName_in_SearchFor_inputField -->
        <test-method signature="validate_functionalityOf_SearchButton_with_ID_optionSelectOn_SearchBy_andEnter_ReportID_in_SearchFor_inputField()[pri:22, instance:test.ViewReportTest@22ff4249]" started-at="2024-06-13T21:01:37 IST" name="validate_functionalityOf_SearchButton_with_ID_optionSelectOn_SearchBy_andEnter_ReportID_in_SearchFor_inputField" finished-at="2024-06-13T21:01:39 IST" duration-ms="2463" status="PASS">
          <reporter-output>
          </reporter-output>
        </test-method> <!-- validate_functionalityOf_SearchButton_with_ID_optionSelectOn_SearchBy_andEnter_ReportID_in_SearchFor_inputField -->
        <test-method signature="validate_functionalityOf_SearchButton_with_ID_optionSelectOn_SearchBy_selectionBox_enter_invalidReportID_in_SearchFor_inputField()[pri:23, instance:test.ViewReportTest@22ff4249]" started-at="2024-06-13T21:01:39 IST" name="validate_functionalityOf_SearchButton_with_ID_optionSelectOn_SearchBy_selectionBox_enter_invalidReportID_in_SearchFor_inputField" finished-at="2024-06-13T21:01:42 IST" duration-ms="2440" status="PASS">
          <reporter-output>
          </reporter-output>
        </test-method> <!-- validate_functionalityOf_SearchButton_with_ID_optionSelectOn_SearchBy_selectionBox_enter_invalidReportID_in_SearchFor_inputField -->
        <test-method signature="validate_functionalityOf_SearchButton_with_ID_optionSelectOn_SearchBy_andEnter_ReportName_in_SearchFor_inputField()[pri:24, instance:test.ViewReportTest@22ff4249]" started-at="2024-06-13T21:01:42 IST" name="validate_functionalityOf_SearchButton_with_ID_optionSelectOn_SearchBy_andEnter_ReportName_in_SearchFor_inputField" finished-at="2024-06-13T21:01:44 IST" duration-ms="2664" status="PASS">
          <reporter-output>
          </reporter-output>
        </test-method> <!-- validate_functionalityOf_SearchButton_with_ID_optionSelectOn_SearchBy_andEnter_ReportName_in_SearchFor_inputField -->
        <test-method signature="validate_functionalityOf_SearchButton_with_ID_optionSelectOn_SearchBy_selectionBox_enter_invalidReportName_in_SearchFor_inputField()[pri:25, instance:test.ViewReportTest@22ff4249]" started-at="2024-06-13T21:01:44 IST" name="validate_functionalityOf_SearchButton_with_ID_optionSelectOn_SearchBy_selectionBox_enter_invalidReportName_in_SearchFor_inputField" finished-at="2024-06-13T21:01:47 IST" duration-ms="2461" status="PASS">
          <reporter-output>
          </reporter-output>
        </test-method> <!-- validate_functionalityOf_SearchButton_with_ID_optionSelectOn_SearchBy_selectionBox_enter_invalidReportName_in_SearchFor_inputField -->
        <test-method signature="validate_functionalityOf_SearchButton_with_Name_optionSelectOn_SearchBy_selectionBox_enter_validReportID_in_SearchFor_inputField()[pri:26, instance:test.ViewReportTest@22ff4249]" started-at="2024-06-13T21:01:47 IST" name="validate_functionalityOf_SearchButton_with_Name_optionSelectOn_SearchBy_selectionBox_enter_validReportID_in_SearchFor_inputField" finished-at="2024-06-13T21:01:49 IST" duration-ms="2568" status="PASS">
          <reporter-output>
          </reporter-output>
        </test-method> <!-- validate_functionalityOf_SearchButton_with_Name_optionSelectOn_SearchBy_selectionBox_enter_validReportID_in_SearchFor_inputField -->
        <test-method signature="validate_functionalityOf_SearchButton_with_Name_optionSelectOn_SearchBy_selectionBox_enter_invalidReportID_in_SearchFor_inputField()[pri:27, instance:test.ViewReportTest@22ff4249]" started-at="2024-06-13T21:01:49 IST" name="validate_functionalityOf_SearchButton_with_Name_optionSelectOn_SearchBy_selectionBox_enter_invalidReportID_in_SearchFor_inputField" finished-at="2024-06-13T21:01:52 IST" duration-ms="2751" status="PASS">
          <reporter-output>
          </reporter-output>
        </test-method> <!-- validate_functionalityOf_SearchButton_with_Name_optionSelectOn_SearchBy_selectionBox_enter_invalidReportID_in_SearchFor_inputField -->
        <test-method signature="validate_functionalityOf_SearchButton_with_Name_optionSelectOn_SearchBy_andEnter_validReportName_in_SearchFor_inputField()[pri:28, instance:test.ViewReportTest@22ff4249]" started-at="2024-06-13T21:01:52 IST" name="validate_functionalityOf_SearchButton_with_Name_optionSelectOn_SearchBy_andEnter_validReportName_in_SearchFor_inputField" finished-at="2024-06-13T21:01:55 IST" duration-ms="2652" status="PASS">
          <reporter-output>
          </reporter-output>
        </test-method> <!-- validate_functionalityOf_SearchButton_with_Name_optionSelectOn_SearchBy_andEnter_validReportName_in_SearchFor_inputField -->
        <test-method signature="validate_functionalityOf_SearchButton_with_Name_optionSelectOn_SearchBy_andEnter_invalidReportName_in_SearchFor_inputField()[pri:29, instance:test.ViewReportTest@22ff4249]" started-at="2024-06-13T21:01:55 IST" name="validate_functionalityOf_SearchButton_with_Name_optionSelectOn_SearchBy_andEnter_invalidReportName_in_SearchFor_inputField" finished-at="2024-06-13T21:01:57 IST" duration-ms="2459" status="PASS">
          <reporter-output>
          </reporter-output>
        </test-method> <!-- validate_functionalityOf_SearchButton_with_Name_optionSelectOn_SearchBy_andEnter_invalidReportName_in_SearchFor_inputField -->
        <test-method signature="validate_functionality_of_Reset_button()[pri:30, instance:test.ViewReportTest@22ff4249]" started-at="2024-06-13T21:01:57 IST" name="validate_functionality_of_Reset_button" finished-at="2024-06-13T21:01:58 IST" duration-ms="627" status="PASS">
          <reporter-output>
          </reporter-output>
        </test-method> <!-- validate_functionality_of_Reset_button -->
        <test-method signature="validate_functionality_of_ReportID_link_by_clickOn_ReportID()[pri:31, instance:test.ViewReportTest@22ff4249]" started-at="2024-06-13T21:01:58 IST" name="validate_functionality_of_ReportID_link_by_clickOn_ReportID" finished-at="2024-06-13T21:02:03 IST" duration-ms="5412" status="PASS">
          <reporter-output>
          </reporter-output>
        </test-method> <!-- validate_functionality_of_ReportID_link_by_clickOn_ReportID -->
        <test-method signature="validate_functionality_of_Back_button()[pri:32, instance:test.ViewReportTest@22ff4249]" started-at="2024-06-13T21:02:03 IST" name="validate_functionality_of_Back_button" finished-at="2024-06-13T21:02:11 IST" duration-ms="7217" status="PASS">
          <reporter-output>
          </reporter-output>
        </test-method> <!-- validate_functionality_of_Back_button -->
      </class> <!-- test.ViewReportTest -->
      <class name="test.ReportTest">
        <test-method is-config="true" signature="setup()[pri:0, instance:test.ReportTest@6025e1b6]" started-at="2024-06-13T21:01:15 IST" name="setup" finished-at="2024-06-13T21:01:15 IST" duration-ms="7" status="PASS">
          <reporter-output>
          </reporter-output>
        </test-method> <!-- setup -->
        <test-method signature="ReportField_visiblity_TestCase()[pri:10, instance:test.ReportTest@6025e1b6]" started-at="2024-06-13T21:01:15 IST" name="ReportField_visiblity_TestCase" finished-at="2024-06-13T21:01:15 IST" duration-ms="82" status="PASS">
          <reporter-output>
          </reporter-output>
        </test-method> <!-- ReportField_visiblity_TestCase -->
        <test-method signature="Redirect_cursor_to_ReportField()[pri:11, instance:test.ReportTest@6025e1b6]" started-at="2024-06-13T21:01:15 IST" name="Redirect_cursor_to_ReportField" finished-at="2024-06-13T21:01:15 IST" duration-ms="219" status="PASS">
          <reporter-output>
          </reporter-output>
        </test-method> <!-- Redirect_cursor_to_ReportField -->
        <test-method signature="Click_on_ReportField()[pri:12, instance:test.ReportTest@6025e1b6]" started-at="2024-06-13T21:01:15 IST" name="Click_on_ReportField" finished-at="2024-06-13T21:01:19 IST" duration-ms="3442" status="PASS">
          <reporter-output>
          </reporter-output>
        </test-method> <!-- Click_on_ReportField -->
        <test-method signature="dropdownBox_clickOn_viewReports_option()[pri:13, instance:test.ReportTest@6025e1b6]" started-at="2024-06-13T21:01:19 IST" name="dropdownBox_clickOn_viewReports_option" finished-at="2024-06-13T21:01:22 IST" duration-ms="3481" status="PASS">
          <reporter-output>
          </reporter-output>
        </test-method> <!-- dropdownBox_clickOn_viewReports_option -->
        <test-method signature="DropdownBox_click_on_DefineReports_option()[pri:14, instance:test.ReportTest@6025e1b6]" started-at="2024-06-13T21:01:22 IST" name="DropdownBox_click_on_DefineReports_option" finished-at="2024-06-13T21:01:26 IST" duration-ms="3467" status="PASS">
          <reporter-output>
          </reporter-output>
        </test-method> <!-- DropdownBox_click_on_DefineReports_option -->
      </class> <!-- test.ReportTest -->
    </test> <!-- Test -->
  </suite> <!-- Suite -->
</testng-results>
